This is XeTeX, Version 3.141592653-2.6-0.999994 (TeX Live 2022) (preloaded format=xelatex 2022.11.8)  19 APR 2023 20:35
entering extended mode
 restricted \write18 enabled.
 file:line:error style messages enabled.
 %&-line parsing enabled.
**main
(./main.tex
LaTeX2e <2021-11-15> patch level 1
L3 programming layer <2022-02-24> (/usr/local/texlive/2022/texmf-dist/tex/latex/base/article.cls
Document Class: article 2021/10/04 v1.4n Standard LaTeX document class
(/usr/local/texlive/2022/texmf-dist/tex/latex/base/size10.clo
File: size10.clo 2021/10/04 v1.4n Standard LaTeX file (size option)
)
\c@part=\count181
\c@section=\count182
\c@subsection=\count183
\c@subsubsection=\count184
\c@paragraph=\count185
\c@subparagraph=\count186
\c@figure=\count187
\c@table=\count188
\abovecaptionskip=\skip47
\belowcaptionskip=\skip48
\bibindent=\dimen138
) (/usr/local/texlive/2022/texmf-dist/tex/latex/base/inputenc.sty
Package: inputenc 2021/02/14 v1.3d Input encoding file
\inpenc@prehook=\toks16
\inpenc@posthook=\toks17


Package inputenc Warning: inputenc package ignored with utf8 based engines.

) (/usr/local/texlive/2022/texmf-dist/tex/latex/xcolor/xcolor.sty
Package: xcolor 2021/10/31 v2.13 LaTeX color extensions (UK)
 (/usr/local/texlive/2022/texmf-dist/tex/latex/graphics-cfg/color.cfg
File: color.cfg 2016/01/02 v1.6 sample color configuration
)
Package xcolor Info: Driver file: xetex.def on input line 227.
 (/usr/local/texlive/2022/texmf-dist/tex/latex/graphics-def/xetex.def
File: xetex.def 2021/03/18 v5.0k Graphics/color driver for xetex
) (/usr/local/texlive/2022/texmf-dist/tex/latex/colortbl/colortbl.sty
Package: colortbl 2020/01/04 v1.0e Color table columns (DPC)
 (/usr/local/texlive/2022/texmf-dist/tex/latex/tools/array.sty
Package: array 2021/10/04 v2.5f Tabular extension package (FMi)
\col@sep=\dimen139
\ar@mcellbox=\box50
\extrarowheight=\dimen140
\NC@list=\toks18
\extratabsurround=\skip49
\backup@length=\skip50
\ar@cellbox=\box51
)
\everycr=\toks19
\minrowclearance=\skip51
)
\rownum=\count189
Package xcolor Info: Model `cmy' substituted by `cmy0' on input line 1352.
Package xcolor Info: Model `RGB' extended on input line 1368.
Package xcolor Info: Model `HTML' substituted by `rgb' on input line 1370.
Package xcolor Info: Model `Hsb' substituted by `hsb' on input line 1371.
Package xcolor Info: Model `tHsb' substituted by `hsb' on input line 1372.
Package xcolor Info: Model `HSB' substituted by `hsb' on input line 1373.
Package xcolor Info: Model `Gray' substituted by `gray' on input line 1374.
Package xcolor Info: Model `wave' substituted by `hsb' on input line 1375.
) (/usr/local/texlive/2022/texmf-dist/tex/latex/ctex/ctex.sty (/usr/local/texlive/2022/texmf-dist/tex/latex/l3kernel/expl3.sty
Package: expl3 2022-02-24 L3 programming layer (loader) 
 (/usr/local/texlive/2022/texmf-dist/tex/latex/l3backend/l3backend-xetex.def
File: l3backend-xetex.def 2022-02-07 L3 backend support: XeTeX
 (|extractbb --version)
\c__kernel_sys_dvipdfmx_version_int=\count190
\l__color_backend_stack_int=\count191
\g__color_backend_stack_int=\count192
\g__graphics_track_int=\count193
\l__pdf_internal_box=\box52
\g__pdf_backend_object_int=\count194
\g__pdf_backend_annotation_int=\count195
\g__pdf_backend_link_int=\count196
))
Package: ctex 2021/12/12 v2.5.8 Chinese adapter in LaTeX (CTEX)
 (/usr/local/texlive/2022/texmf-dist/tex/latex/l3packages/xparse/xparse.sty
Package: xparse 2022-01-12 L3 Experimental document command parser
) (/usr/local/texlive/2022/texmf-dist/tex/latex/l3packages/l3keys2e/l3keys2e.sty
Package: l3keys2e 2022-01-12 LaTeX2e option processing using LaTeX3 keys
) (/usr/local/texlive/2022/texmf-dist/tex/latex/ctex/ctexhook.sty
Package: ctexhook 2021/12/12 v2.5.8 Document and package hooks (CTEX)
) (/usr/local/texlive/2022/texmf-dist/tex/latex/ctex/ctexpatch.sty
Package: ctexpatch 2021/12/12 v2.5.8 Patching commands (CTEX)
) (/usr/local/texlive/2022/texmf-dist/tex/latex/base/fix-cm.sty
Package: fix-cm 2020/11/24 v1.1t fixes to LaTeX
 (/usr/local/texlive/2022/texmf-dist/tex/latex/base/ts1enc.def
File: ts1enc.def 2001/06/05 v3.0e (jk/car/fm) Standard LaTeX file
LaTeX Font Info:    Redeclaring font encoding TS1 on input line 47.
))
\l__ctex_tmp_int=\count197
\l__ctex_tmp_box=\box53
\l__ctex_tmp_dim=\dimen141
\g__ctex_section_depth_int=\count198
\g__ctex_font_size_int=\count199
 (/usr/local/texlive/2022/texmf-dist/tex/latex/ctex/config/ctexopts.cfg
File: ctexopts.cfg 2021/12/12 v2.5.8 Option configuration file (CTEX)
) (/usr/local/texlive/2022/texmf-dist/tex/latex/ctex/engine/ctex-engine-xetex.def
File: ctex-engine-xetex.def 2021/12/12 v2.5.8 XeLaTeX adapter (CTEX)
 (/usr/local/texlive/2022/texmf-dist/tex/xelatex/xecjk/xeCJK.sty
Package: xeCJK 2021/12/12 v3.8.8 Typesetting CJK scripts with XeLaTeX
 (/usr/local/texlive/2022/texmf-dist/tex/latex/l3packages/xtemplate/xtemplate.sty
Package: xtemplate 2022-01-12 L3 Experimental prototype document functions
\l__xtemplate_tmp_dim=\dimen142
\l__xtemplate_tmp_int=\count266
\l__xtemplate_tmp_muskip=\muskip16
\l__xtemplate_tmp_skip=\skip52
)
\l__xeCJK_tmp_int=\count267
\l__xeCJK_tmp_box=\box54
\l__xeCJK_tmp_dim=\dimen143
\l__xeCJK_tmp_skip=\skip53
\g__xeCJK_space_factor_int=\count268
\l__xeCJK_begin_int=\count269
\l__xeCJK_end_int=\count270
\c__xeCJK_CJK_class_int=\XeTeXcharclass1
\c__xeCJK_FullLeft_class_int=\XeTeXcharclass2
\c__xeCJK_FullRight_class_int=\XeTeXcharclass3
\c__xeCJK_HalfLeft_class_int=\XeTeXcharclass4
\c__xeCJK_HalfRight_class_int=\XeTeXcharclass5
\c__xeCJK_NormalSpace_class_int=\XeTeXcharclass6
\c__xeCJK_CM_class_int=\XeTeXcharclass7
\c__xeCJK_HangulJamo_class_int=\XeTeXcharclass8
\l__xeCJK_last_skip=\skip54
\g__xeCJK_node_int=\count271
\c__xeCJK_CJK_node_dim=\dimen144
\c__xeCJK_CJK-space_node_dim=\dimen145
\c__xeCJK_default_node_dim=\dimen146
\c__xeCJK_default-space_node_dim=\dimen147
\c__xeCJK_CJK-widow_node_dim=\dimen148
\c__xeCJK_normalspace_node_dim=\dimen149
\l__xeCJK_ccglue_skip=\skip55
\l__xeCJK_ecglue_skip=\skip56
\l__xeCJK_punct_kern_skip=\skip57
\l__xeCJK_last_penalty_int=\count272
\l__xeCJK_last_bound_dim=\dimen150
\l__xeCJK_last_kern_dim=\dimen151
\l__xeCJK_widow_penalty_int=\count273

Package xtemplate Info: Declaring object type 'xeCJK/punctuation' taking 0
(xtemplate)             argument(s) on line 2337.

\l__xeCJK_fixed_punct_width_dim=\dimen152
\l__xeCJK_mixed_punct_width_dim=\dimen153
\l__xeCJK_middle_punct_width_dim=\dimen154
\l__xeCJK_fixed_margin_width_dim=\dimen155
\l__xeCJK_mixed_margin_width_dim=\dimen156
\l__xeCJK_middle_margin_width_dim=\dimen157
\l__xeCJK_bound_punct_width_dim=\dimen158
\l__xeCJK_bound_margin_width_dim=\dimen159
\l__xeCJK_margin_minimum_dim=\dimen160
\l__xeCJK_kerning_total_width_dim=\dimen161
\l__xeCJK_same_align_margin_dim=\dimen162
\l__xeCJK_different_align_margin_dim=\dimen163
\l__xeCJK_kerning_margin_width_dim=\dimen164
\l__xeCJK_kerning_margin_minimum_dim=\dimen165
\l__xeCJK_bound_dim=\dimen166
\l__xeCJK_reverse_bound_dim=\dimen167
\l__xeCJK_margin_dim=\dimen168
\l__xeCJK_minimum_bound_dim=\dimen169
\l__xeCJK_kerning_margin_dim=\dimen170
\g__xeCJK_family_int=\count274
\l__xeCJK_fam_int=\count275
\g__xeCJK_fam_allocation_int=\count276
\l__xeCJK_verb_case_int=\count277
\l__xeCJK_verb_exspace_skip=\skip58
 (/usr/local/texlive/2022/texmf-dist/tex/latex/fontspec/fontspec.sty
Package: fontspec 2022/01/15 v2.8a Font selection for XeLaTeX and LuaLaTeX
 (/usr/local/texlive/2022/texmf-dist/tex/latex/fontspec/fontspec-xetex.sty
Package: fontspec-xetex 2022/01/15 v2.8a Font selection for XeLaTeX and LuaLaTeX
\l__fontspec_script_int=\count278
\l__fontspec_language_int=\count279
\l__fontspec_strnum_int=\count280
\l__fontspec_tmp_int=\count281
\l__fontspec_tmpa_int=\count282
\l__fontspec_tmpb_int=\count283
\l__fontspec_tmpc_int=\count284
\l__fontspec_em_int=\count285
\l__fontspec_emdef_int=\count286
\l__fontspec_strong_int=\count287
\l__fontspec_strongdef_int=\count288
\l__fontspec_tmpa_dim=\dimen171
\l__fontspec_tmpb_dim=\dimen172
\l__fontspec_tmpc_dim=\dimen173
 (/usr/local/texlive/2022/texmf-dist/tex/latex/base/fontenc.sty
Package: fontenc 2021/04/29 v2.0v Standard LaTeX package
) (/usr/local/texlive/2022/texmf-dist/tex/latex/fontspec/fontspec.cfg))) (/usr/local/texlive/2022/texmf-dist/tex/xelatex/xecjk/xeCJK.cfg
File: xeCJK.cfg 2021/12/12 v3.8.8 Configuration file for xeCJK package
))
\ccwd=\dimen174
\l__ctex_ccglue_skip=\skip59
)
\l__ctex_ziju_dim=\dimen175
 (/usr/local/texlive/2022/texmf-dist/tex/latex/zhnumber/zhnumber.sty
Package: zhnumber 2020/05/01 v2.8 Typesetting numbers with Chinese glyphs
\l__zhnum_scale_int=\count289
 (/usr/local/texlive/2022/texmf-dist/tex/latex/zhnumber/zhnumber-utf8.cfg
File: zhnumber-utf8.cfg 2020/05/01 v2.8 Chinese numerals with UTF8 encoding
)) (/usr/local/texlive/2022/texmf-dist/tex/latex/ctex/scheme/ctex-scheme-chinese.def
File: ctex-scheme-chinese.def 2021/12/12 v2.5.8 Chinese scheme for generic (CTEX)
 (/usr/local/texlive/2022/texmf-dist/tex/latex/ctex/config/ctex-name-utf8.cfg
File: ctex-name-utf8.cfg 2021/12/12 v2.5.8 Caption with encoding UTF-8 (CTEX)
)) (/usr/local/texlive/2022/texmf-dist/tex/latex/tools/indentfirst.sty
Package: indentfirst 1995/11/23 v1.03 Indent first paragraph (DPC)
) (/usr/local/texlive/2022/texmf-dist/tex/latex/ctex/ctex-c5size.clo
File: ctex-c5size.clo 2021/12/12 v2.5.8 c5size option (CTEX)
) (/usr/local/texlive/2022/texmf-dist/tex/latex/ctex/fontset/ctex-fontset-mac.def
File: ctex-fontset-mac.def 2021/12/12 v2.5.8 macOS fonts definition (CTEX)
 (/usr/local/texlive/2022/texmf-dist/tex/latex/ctex/fontset/ctex-fontset-macnew.def
File: ctex-fontset-macnew.def 2021/12/12 v2.5.8 macOS fonts definition for El Capitan or later version (CTEX)


Package fontspec Warning: Font "Songti SC Light" does not contain requested
(fontspec)                Script "CJK".


Package fontspec Info: Font family 'SongtiSCLight(0)' created for font 'Songti
(fontspec)             SC Light' with options
(fontspec)             [Script={CJK},BoldItalicFont={Kaiti SC
(fontspec)             Bold},BoldFont={Songti SC Bold},ItalicFont={Kaiti SC}].
(fontspec)              
(fontspec)              This font family consists of the following NFSS
(fontspec)             series/shapes:
(fontspec)              
(fontspec)             - 'normal' (m/n) with NFSS spec.: <->"Songti SC
(fontspec)             Light/OT:language=dflt;"
(fontspec)             - 'small caps'  (m/sc) with NFSS spec.: 
(fontspec)             - 'bold' (b/n) with NFSS spec.: <->"Songti SC
(fontspec)             Bold/OT:language=dflt;"
(fontspec)             - 'bold small caps'  (b/sc) with NFSS spec.: 
(fontspec)             - 'italic' (m/it) with NFSS spec.: <->"Kaiti
(fontspec)             SC/OT:language=dflt;"
(fontspec)             - 'italic small caps'  (m/scit) with NFSS spec.: 
(fontspec)             - 'bold italic' (b/it) with NFSS spec.: <->"Kaiti SC
(fontspec)             Bold/OT:language=dflt;"
(fontspec)             - 'bold italic small caps'  (b/scit) with NFSS spec.: 

))) (/usr/local/texlive/2022/texmf-dist/tex/latex/ctex/config/ctex.cfg
File: ctex.cfg 2021/12/12 v2.5.8 Configuration file (CTEX)
) (/usr/local/texlive/2022/texmf-dist/tex/latex/float/float.sty
Package: float 2001/11/08 v1.3d Float enhancements (AL)
\c@float@type=\count290
\float@exts=\toks20
\float@box=\box55
\@float@everytoks=\toks21
\@floatcapt=\box56
) (/usr/local/texlive/2022/texmf-dist/tex/latex/tools/tabularx.sty
Package: tabularx 2020/01/15 v2.11c `tabularx' package (DPC)
\TX@col@width=\dimen176
\TX@old@table=\dimen177
\TX@old@col=\dimen178
\TX@target=\dimen179
\TX@delta=\dimen180
\TX@cols=\count291
\TX@ftn=\toks22
) (/usr/local/texlive/2022/texmf-dist/tex/latex/booktabs/booktabs.sty
Package: booktabs 2020/01/12 v1.61803398 Publication quality tables
\heavyrulewidth=\dimen181
\lightrulewidth=\dimen182
\cmidrulewidth=\dimen183
\belowrulesep=\dimen184
\belowbottomsep=\dimen185
\aboverulesep=\dimen186
\abovetopsep=\dimen187
\cmidrulesep=\dimen188
\cmidrulekern=\dimen189
\defaultaddspace=\dimen190
\@cmidla=\count292
\@cmidlb=\count293
\@aboverulesep=\dimen191
\@belowrulesep=\dimen192
\@thisruleclass=\count294
\@lastruleclass=\count295
\@thisrulewidth=\dimen193
) (/usr/local/texlive/2022/texmf-dist/tex/latex/threeparttable/threeparttable.sty
Package: threeparttable 2003/06/13  v 3.0
\@tempboxb=\box57
) (/usr/local/texlive/2022/texmf-dist/tex/latex/subfigure/subfigure.sty
Package: subfigure 2002/03/15 v2.1.5 subfigure package
\subfigtopskip=\skip60
\subfigcapskip=\skip61
\subfigcaptopadj=\dimen194
\subfigbottomskip=\skip62
\subfigcapmargin=\dimen195
\subfiglabelskip=\skip63
\c@subfigure=\count296
\c@lofdepth=\count297
\c@subtable=\count298
\c@lotdepth=\count299

****************************************
* Local config file subfigure.cfg used *
****************************************
(/usr/local/texlive/2022/texmf-dist/tex/latex/subfigure/subfigure.cfg)
\subfig@top=\skip64
\subfig@bottom=\skip65
) (/usr/local/texlive/2022/texmf-dist/tex/latex/makecell/makecell.sty
Package: makecell 2009/08/03 V0.1e Managing of Tab Column Heads and Cells
\rotheadsize=\dimen196
\c@nlinenum=\count300
\TeXr@lab=\toks23
) (/usr/local/texlive/2022/texmf-dist/tex/latex/amsmath/amsmath.sty
Package: amsmath 2021/10/15 v2.17l AMS math features
\@mathmargin=\skip66

For additional information on amsmath, use the `?' option.
(/usr/local/texlive/2022/texmf-dist/tex/latex/amsmath/amstext.sty
Package: amstext 2021/08/26 v2.01 AMS text
 (/usr/local/texlive/2022/texmf-dist/tex/latex/amsmath/amsgen.sty
File: amsgen.sty 1999/11/30 v2.0 generic functions
\@emptytoks=\toks24
\ex@=\dimen197
)) (/usr/local/texlive/2022/texmf-dist/tex/latex/amsmath/amsbsy.sty
Package: amsbsy 1999/11/29 v1.2d Bold Symbols
\pmbraise@=\dimen198
) (/usr/local/texlive/2022/texmf-dist/tex/latex/amsmath/amsopn.sty
Package: amsopn 2021/08/26 v2.02 operator names
)
\inf@bad=\count301
LaTeX Info: Redefining \frac on input line 234.
\uproot@=\count302
\leftroot@=\count303
LaTeX Info: Redefining \overline on input line 399.
\classnum@=\count304
\DOTSCASE@=\count305
LaTeX Info: Redefining \ldots on input line 496.
LaTeX Info: Redefining \dots on input line 499.
LaTeX Info: Redefining \cdots on input line 620.
\Mathstrutbox@=\box58
\strutbox@=\box59
\big@size=\dimen199
LaTeX Font Info:    Redeclaring font encoding OML on input line 743.
LaTeX Font Info:    Redeclaring font encoding OMS on input line 744.
\macc@depth=\count306
\c@MaxMatrixCols=\count307
\dotsspace@=\muskip17
\c@parentequation=\count308
\dspbrk@lvl=\count309
\tag@help=\toks25
\row@=\count310
\column@=\count311
\maxfields@=\count312
\andhelp@=\toks26
\eqnshift@=\dimen256
\alignsep@=\dimen257
\tagshift@=\dimen258
\tagwidth@=\dimen259
\totwidth@=\dimen260
\lineht@=\dimen261
\@envbody=\toks27
\multlinegap=\skip67
\multlinetaggap=\skip68
\mathdisplay@stack=\toks28
LaTeX Info: Redefining \[ on input line 2938.
LaTeX Info: Redefining \] on input line 2939.
) (/usr/local/texlive/2022/texmf-dist/tex/latex/amsfonts/amsfonts.sty
Package: amsfonts 2013/01/14 v3.01 Basic AMSFonts support
\symAMSa=\mathgroup4
\symAMSb=\mathgroup5
LaTeX Font Info:    Redeclaring math symbol \hbar on input line 98.
LaTeX Font Info:    Overwriting math alphabet `\mathfrak' in version `bold'
(Font)                  U/euf/m/n --> U/euf/b/n on input line 106.
) (/usr/local/texlive/2022/texmf-dist/tex/latex/amsfonts/amssymb.sty
Package: amssymb 2013/01/14 v3.01 AMS font symbols
) (/usr/local/texlive/2022/texmf-dist/tex/latex/tools/multicol.sty
Package: multicol 2021/10/28 v1.9b multicolumn formatting (FMi)
\c@tracingmulticols=\count313
\mult@box=\box60
\multicol@leftmargin=\dimen262
\c@unbalance=\count314
\c@collectmore=\count315
\doublecol@number=\count316
\multicoltolerance=\count317
\multicolpretolerance=\count318
\full@width=\dimen263
\page@free=\dimen264
\premulticols=\dimen265
\postmulticols=\dimen266
\multicolsep=\skip69
\multicolbaselineskip=\skip70
\partial@page=\box61
\last@line=\box62
\maxbalancingoverflow=\dimen267
\mult@rightbox=\box63
\mult@grightbox=\box64
\mult@firstbox=\box65
\mult@gfirstbox=\box66
\@tempa=\box67
\@tempa=\box68
\@tempa=\box69
\@tempa=\box70
\@tempa=\box71
\@tempa=\box72
\@tempa=\box73
\@tempa=\box74
\@tempa=\box75
\@tempa=\box76
\@tempa=\box77
\@tempa=\box78
\@tempa=\box79
\@tempa=\box80
\@tempa=\box81
\@tempa=\box82
\@tempa=\box83
\@tempa=\box84
\@tempa=\box85
\@tempa=\box86
\@tempa=\box87
\@tempa=\box88
\@tempa=\box89
\@tempa=\box90
\@tempa=\box91
\@tempa=\box92
\@tempa=\box93
\@tempa=\box94
\@tempa=\box95
\@tempa=\box96
\@tempa=\box97
\@tempa=\box98
\@tempa=\box99
\@tempa=\box100
\@tempa=\box101
\@tempa=\box102
\c@minrows=\count319
\c@columnbadness=\count320
\c@finalcolumnbadness=\count321
\last@try=\dimen268
\multicolovershoot=\dimen269
\multicolundershoot=\dimen270
\mult@nat@firstbox=\box103
\colbreak@box=\box104
\mc@col@check@num=\count322
) (/usr/local/texlive/2022/texmf-dist/tex/latex/multirow/multirow.sty
Package: multirow 2021/03/15 v2.8 Span multiple rows of a table
\multirow@colwidth=\skip71
\multirow@cntb=\count323
\multirow@dima=\skip72
\bigstrutjot=\dimen271
) (/usr/local/texlive/2022/texmf-dist/tex/latex/graphics/graphicx.sty
Package: graphicx 2021/09/16 v1.2d Enhanced LaTeX Graphics (DPC,SPQR)
 (/usr/local/texlive/2022/texmf-dist/tex/latex/graphics/keyval.sty
Package: keyval 2014/10/28 v1.15 key=value parser (DPC)
\KV@toks@=\toks29
) (/usr/local/texlive/2022/texmf-dist/tex/latex/graphics/graphics.sty
Package: graphics 2021/03/04 v1.4d Standard LaTeX Graphics (DPC,SPQR)
 (/usr/local/texlive/2022/texmf-dist/tex/latex/graphics/trig.sty
Package: trig 2021/08/11 v1.11 sin cos tan (DPC)
) (/usr/local/texlive/2022/texmf-dist/tex/latex/graphics-cfg/graphics.cfg
File: graphics.cfg 2016/06/04 v1.11 sample graphics configuration
)
Package graphics Info: Driver file: xetex.def on input line 107.
)
\Gin@req@height=\dimen272
\Gin@req@width=\dimen273
) (/usr/local/texlive/2022/texmf-dist/tex/latex/tools/longtable.sty
Package: longtable 2021-09-01 v4.17 Multi-page Table package (DPC)
\LTleft=\skip73
\LTright=\skip74
\LTpre=\skip75
\LTpost=\skip76
\LTchunksize=\count324
\LTcapwidth=\dimen274
\LT@head=\box105
\LT@firsthead=\box106
\LT@foot=\box107
\LT@lastfoot=\box108
\LT@gbox=\box109
\LT@cols=\count325
\LT@rows=\count326
\c@LT@tables=\count327
\c@LT@chunks=\count328
\LT@p@ftn=\toks30
) (/usr/local/texlive/2022/texmf-dist/tex/latex/setspace/setspace.sty
Package: setspace 2011/12/19 v6.7a set line spacing
) (/usr/local/texlive/2022/texmf-dist/tex/latex/cite/cite.sty
LaTeX Info: Redefining \cite on input line 302.
LaTeX Info: Redefining \nocite on input line 332.
Package: cite 2015/02/27  v 5.5
) (/usr/local/texlive/2022/texmf-dist/tex/latex/natbib/natbib.sty
Package: natbib 2010/09/13 8.31b (PWD, AO)


Package natbib Warning: The `cite' package should not be used
(natbib)                with natbib. Use option `sort' instead.

\bibhang=\skip77
\bibsep=\skip78
LaTeX Info: Redefining \cite on input line 694.
LaTeX Info: Redefining \citenum on input line 708.
\c@NAT@ctr=\count329
) (/usr/local/texlive/2022/texmf-dist/tex/latex/titlesec/titlesec.sty
Package: titlesec 2021/07/05 v2.14 Sectioning titles
\ttl@box=\box110
\beforetitleunit=\skip79
\aftertitleunit=\skip80
\ttl@plus=\dimen275
\ttl@minus=\dimen276
\ttl@toksa=\toks31
\titlewidth=\dimen277
\titlewidthlast=\dimen278
\titlewidthfirst=\dimen279
) (/usr/local/texlive/2022/texmf-dist/tex/latex/titlesec/titletoc.sty
Package: titletoc 2021/07/05 v2.14 TOC entries
\ttl@leftsep=\dimen280
) (/usr/local/texlive/2022/texmf-dist/tex/latex/appendix/appendix.sty
Package: appendix 2020/02/08 v1.2c extra appendix facilities
\c@@pps=\count330
\c@@ppsavesec=\count331
\c@@ppsaveapp=\count332
) (/usr/local/texlive/2022/texmf-dist/tex/latex/hyperref/nameref.sty
Package: nameref 2021-04-02 v2.47 Cross-referencing by name of section
 (/usr/local/texlive/2022/texmf-dist/tex/latex/refcount/refcount.sty
Package: refcount 2019/12/15 v3.6 Data extraction from label references (HO)
 (/usr/local/texlive/2022/texmf-dist/tex/generic/ltxcmds/ltxcmds.sty
Package: ltxcmds 2020-05-10 v1.25 LaTeX kernel commands for general use (HO)
) (/usr/local/texlive/2022/texmf-dist/tex/generic/infwarerr/infwarerr.sty
Package: infwarerr 2019/12/03 v1.5 Providing info/warning/error messages (HO)
)) (/usr/local/texlive/2022/texmf-dist/tex/generic/gettitlestring/gettitlestring.sty
Package: gettitlestring 2019/12/15 v1.6 Cleanup title references (HO)
 (/usr/local/texlive/2022/texmf-dist/tex/latex/kvoptions/kvoptions.sty
Package: kvoptions 2020-10-07 v3.14 Key value format for package options (HO)
 (/usr/local/texlive/2022/texmf-dist/tex/generic/kvsetkeys/kvsetkeys.sty
Package: kvsetkeys 2019/12/15 v1.18 Key value parser (HO)
)))
\c@section@level=\count333
LaTeX Info: Redefining \ref on input line 356.
LaTeX Info: Redefining \pageref on input line 356.
) (/usr/local/texlive/2022/texmf-dist/tex/latex/enumitem/enumitem.sty
Package: enumitem 2019/06/20 v3.9 Customized lists
\labelindent=\skip81
\enit@outerparindent=\dimen281
\enit@toks=\toks32
\enit@inbox=\box111
\enit@count@id=\count334
\enitdp@description=\count335
) (/usr/local/texlive/2022/texmf-dist/tex/latex/geometry/geometry.sty
Package: geometry 2020/01/02 v5.9 Page Geometry
 (/usr/local/texlive/2022/texmf-dist/tex/generic/iftex/ifvtex.sty
Package: ifvtex 2019/10/25 v1.7 ifvtex legacy package. Use iftex instead.
 (/usr/local/texlive/2022/texmf-dist/tex/generic/iftex/iftex.sty
Package: iftex 2022/02/03 v1.0f TeX engine tests
))
\Gm@cnth=\count336
\Gm@cntv=\count337
\c@Gm@tempcnt=\count338
\Gm@bindingoffset=\dimen282
\Gm@wd@mp=\dimen283
\Gm@odd@mp=\dimen284
\Gm@even@mp=\dimen285
\Gm@layoutwidth=\dimen286
\Gm@layoutheight=\dimen287
\Gm@layouthoffset=\dimen288
\Gm@layoutvoffset=\dimen289
\Gm@dimlist=\toks33
)

Package fontspec Info: Font family 'TimesNewRoman(0)' created for font 'Times
(fontspec)             New Roman' with options [Ligatures=TeX].
(fontspec)              
(fontspec)              This font family consists of the following NFSS
(fontspec)             series/shapes:
(fontspec)              
(fontspec)             - 'normal' (m/n) with NFSS spec.: <->"Times New
(fontspec)             Roman/OT:script=latn;language=dflt;mapping=tex-text;"
(fontspec)             - 'small caps'  (m/sc) with NFSS spec.: 
(fontspec)             - 'bold' (b/n) with NFSS spec.: <->"Times New
(fontspec)             Roman/B/OT:script=latn;language=dflt;mapping=tex-text;"
(fontspec)             - 'bold small caps'  (b/sc) with NFSS spec.: 
(fontspec)             - 'italic' (m/it) with NFSS spec.: <->"Times New
(fontspec)             Roman/I/OT:script=latn;language=dflt;mapping=tex-text;"
(fontspec)             - 'italic small caps'  (m/scit) with NFSS spec.: 
(fontspec)             - 'bold italic' (b/it) with NFSS spec.: <->"Times New
(fontspec)             Roman/BI/OT:script=latn;language=dflt;mapping=tex-text;"
(fontspec)             - 'bold italic small caps'  (b/scit) with NFSS spec.: 

 (./main.aux)
\openout1 = `main.aux'.

LaTeX Font Info:    Checking defaults for OML/cmm/m/it on input line 40.
LaTeX Font Info:    ... okay on input line 40.
LaTeX Font Info:    Checking defaults for OMS/cmsy/m/n on input line 40.
LaTeX Font Info:    ... okay on input line 40.
LaTeX Font Info:    Checking defaults for OT1/cmr/m/n on input line 40.
LaTeX Font Info:    ... okay on input line 40.
LaTeX Font Info:    Checking defaults for T1/cmr/m/n on input line 40.
LaTeX Font Info:    ... okay on input line 40.
LaTeX Font Info:    Checking defaults for TS1/cmr/m/n on input line 40.
LaTeX Font Info:    ... okay on input line 40.
LaTeX Font Info:    Checking defaults for TU/lmr/m/n on input line 40.
LaTeX Font Info:    ... okay on input line 40.
LaTeX Font Info:    Checking defaults for OMX/cmex/m/n on input line 40.
LaTeX Font Info:    ... okay on input line 40.
LaTeX Font Info:    Checking defaults for U/cmr/m/n on input line 40.
LaTeX Font Info:    ... okay on input line 40.

Package fontspec Info: Adjusting the maths setup (use [no-math] to avoid
(fontspec)             this).

\symlegacymaths=\mathgroup6
LaTeX Font Info:    Overwriting symbol font `legacymaths' in version `bold'
(Font)                  OT1/cmr/m/n --> OT1/cmr/bx/n on input line 40.
LaTeX Font Info:    Redeclaring math accent \acute on input line 40.
LaTeX Font Info:    Redeclaring math accent \grave on input line 40.
LaTeX Font Info:    Redeclaring math accent \ddot on input line 40.
LaTeX Font Info:    Redeclaring math accent \tilde on input line 40.
LaTeX Font Info:    Redeclaring math accent \bar on input line 40.
LaTeX Font Info:    Redeclaring math accent \breve on input line 40.
LaTeX Font Info:    Redeclaring math accent \check on input line 40.
LaTeX Font Info:    Redeclaring math accent \hat on input line 40.
LaTeX Font Info:    Redeclaring math accent \dot on input line 40.
LaTeX Font Info:    Redeclaring math accent \mathring on input line 40.
LaTeX Font Info:    Redeclaring math symbol \Gamma on input line 40.
LaTeX Font Info:    Redeclaring math symbol \Delta on input line 40.
LaTeX Font Info:    Redeclaring math symbol \Theta on input line 40.
LaTeX Font Info:    Redeclaring math symbol \Lambda on input line 40.
LaTeX Font Info:    Redeclaring math symbol \Xi on input line 40.
LaTeX Font Info:    Redeclaring math symbol \Pi on input line 40.
LaTeX Font Info:    Redeclaring math symbol \Sigma on input line 40.
LaTeX Font Info:    Redeclaring math symbol \Upsilon on input line 40.
LaTeX Font Info:    Redeclaring math symbol \Phi on input line 40.
LaTeX Font Info:    Redeclaring math symbol \Psi on input line 40.
LaTeX Font Info:    Redeclaring math symbol \Omega on input line 40.
LaTeX Font Info:    Redeclaring math symbol \mathdollar on input line 40.
LaTeX Font Info:    Redeclaring symbol font `operators' on input line 40.
LaTeX Font Info:    Encoding `OT1' has changed to `TU' for symbol font
(Font)              `operators' in the math version `normal' on input line 40.
LaTeX Font Info:    Overwriting symbol font `operators' in version `normal'
(Font)                  OT1/cmr/m/n --> TU/TimesNewRoman(0)/m/n on input line 40.
LaTeX Font Info:    Encoding `OT1' has changed to `TU' for symbol font
(Font)              `operators' in the math version `bold' on input line 40.
LaTeX Font Info:    Overwriting symbol font `operators' in version `bold'
(Font)                  OT1/cmr/bx/n --> TU/TimesNewRoman(0)/m/n on input line 40.
LaTeX Font Info:    Overwriting symbol font `operators' in version `normal'
(Font)                  TU/TimesNewRoman(0)/m/n --> TU/TimesNewRoman(0)/m/n on input line 40.
LaTeX Font Info:    Overwriting math alphabet `\mathit' in version `normal'
(Font)                  OT1/cmr/m/it --> TU/TimesNewRoman(0)/m/it on input line 40.
LaTeX Font Info:    Overwriting math alphabet `\mathbf' in version `normal'
(Font)                  OT1/cmr/bx/n --> TU/TimesNewRoman(0)/b/n on input line 40.
LaTeX Font Info:    Overwriting math alphabet `\mathsf' in version `normal'
(Font)                  OT1/cmss/m/n --> TU/lmss/m/n on input line 40.
LaTeX Font Info:    Overwriting math alphabet `\mathtt' in version `normal'
(Font)                  OT1/cmtt/m/n --> TU/lmtt/m/n on input line 40.
LaTeX Font Info:    Overwriting symbol font `operators' in version `bold'
(Font)                  TU/TimesNewRoman(0)/m/n --> TU/TimesNewRoman(0)/b/n on input line 40.
LaTeX Font Info:    Overwriting math alphabet `\mathit' in version `bold'
(Font)                  OT1/cmr/bx/it --> TU/TimesNewRoman(0)/b/it on input line 40.
LaTeX Font Info:    Overwriting math alphabet `\mathsf' in version `bold'
(Font)                  OT1/cmss/bx/n --> TU/lmss/b/n on input line 40.
LaTeX Font Info:    Overwriting math alphabet `\mathtt' in version `bold'
(Font)                  OT1/cmtt/m/n --> TU/lmtt/b/n on input line 40.

*geometry* driver: auto-detecting
*geometry* detected driver: xetex
*geometry* verbose mode - [ preamble ] result:
* driver: xetex
* paper: a4paper
* layout: <same size as paper>
* layoutoffset:(h,v)=(0.0pt,0.0pt)
* modes: 
* h-part:(L,W,R)=(89.62709pt, 418.25368pt, 89.6271pt)
* v-part:(T,H,B)=(101.40665pt, 591.5302pt, 152.11pt)
* \paperwidth=597.50787pt
* \paperheight=845.04684pt
* \textwidth=418.25368pt
* \textheight=591.5302pt
* \oddsidemargin=17.3571pt
* \evensidemargin=17.3571pt
* \topmargin=-7.86334pt
* \headheight=12.0pt
* \headsep=25.0pt
* \topskip=10.0pt
* \footskip=30.0pt
* \marginparwidth=65.0pt
* \marginparsep=11.0pt
* \columnsep=10.0pt
* \skip\footins=9.0pt plus 4.0pt minus 2.0pt
* \hoffset=0.0pt
* \voffset=0.0pt
* \mag=1000
* \@twocolumnfalse
* \@twosidefalse
* \@mparswitchfalse
* \@reversemarginfalse
* (1in=72.27pt=25.4mm, 1cm=28.453pt)

File: zju.pdf Graphic file (type pdf)
<use zju.pdf>
LaTeX Font Info:    Trying to load font information for U+msa on input line 51.
(/usr/local/texlive/2022/texmf-dist/tex/latex/amsfonts/umsa.fd
File: umsa.fd 2013/01/14 v3.01 AMS symbols A
)
LaTeX Font Info:    Trying to load font information for U+msb on input line 51.
 (/usr/local/texlive/2022/texmf-dist/tex/latex/amsfonts/umsb.fd
File: umsb.fd 2013/01/14 v3.01 AMS symbols B
) [1

] (./main.toc [2])
\tf@toc=\write3
\openout3 = `main.toc'.

 [3] [4] [5] [6]
Overfull \hbox (1.9069pt too wide) in paragraph at lines 169--169
[]|\TU/TimesNewRoman(0)/m/n/9.03374 205.06| 
 []


Overfull \hbox (1.9069pt too wide) in paragraph at lines 169--169
[]|\TU/TimesNewRoman(0)/m/n/9.03374 102.55| 
 []


Overfull \hbox (1.9069pt too wide) in paragraph at lines 169--169
[]|\TU/TimesNewRoman(0)/m/n/9.03374 100.00| 
 []


Overfull \hbox (1.57167pt too wide) in paragraph at lines 169--169
[]|\TU/TimesNewRoman(0)/m/n/9.03374 112.00| 
 []


Overfull \hbox (1.9069pt too wide) in paragraph at lines 169--169
[]|\TU/TimesNewRoman(0)/m/n/9.03374 173.00| 
 []

[7]
Underfull \hbox (badness 10000) in paragraph at lines 201--205

 []

[8]
Overfull \hbox (4.69234pt too wide) in paragraph at lines 209--228
 [][] 
 []


Underfull \hbox (badness 10000) in paragraph at lines 233--235

 []

[9]
Underfull \hbox (badness 10000) in paragraph at lines 271--273

 []

[10]
Underfull \hbox (badness 10000) in paragraph at lines 311--313

 []

[11] [12]
Overfull \hbox (3.0998pt too wide) in paragraph at lines 378--378
[]|\TU/TimesNewRoman(0)/m/n/10.53937 −0.078| 
 []


Overfull \hbox (3.0998pt too wide) in paragraph at lines 378--378
[]|\TU/TimesNewRoman(0)/m/n/10.53937 −0.165| 
 []


Overfull \hbox (3.0998pt too wide) in paragraph at lines 378--378
[]|\TU/TimesNewRoman(0)/m/n/10.53937 −0.050| 
 []


Overfull \hbox (3.0998pt too wide) in paragraph at lines 378--378
[]|\TU/TimesNewRoman(0)/m/n/10.53937 −0.017| 
 []


Overfull \hbox (3.0998pt too wide) in paragraph at lines 378--378
[]|\TU/TimesNewRoman(0)/m/n/10.53937 −0.375| 
 []


Overfull \hbox (3.0998pt too wide) in paragraph at lines 378--378
[]|\TU/TimesNewRoman(0)/m/n/10.53937 −0.129| 
 []


Overfull \hbox (3.0998pt too wide) in paragraph at lines 378--378
[]|\TU/TimesNewRoman(0)/m/n/10.53937 −0.034| 
 []


Overfull \hbox (3.0998pt too wide) in paragraph at lines 378--378
[]|\TU/TimesNewRoman(0)/m/n/10.53937 −0.031| 
 []


Overfull \hbox (4.84949pt too wide) in paragraph at lines 378--378
[]|\TU/TimesNewRoman(0)/m/n/10.53937 (−0.22)| 
 []


Overfull \hbox (4.84949pt too wide) in paragraph at lines 378--378
[]|\TU/TimesNewRoman(0)/m/n/10.53937 (−0.45)| 
 []


Overfull \hbox (4.84949pt too wide) in paragraph at lines 378--378
[]|\TU/TimesNewRoman(0)/m/n/10.53937 (−0.89)| 
 []


Overfull \hbox (4.84949pt too wide) in paragraph at lines 378--378
[]|\TU/TimesNewRoman(0)/m/n/10.53937 (−0.28)| 
 []


Overfull \hbox (4.84949pt too wide) in paragraph at lines 378--378
[]|\TU/TimesNewRoman(0)/m/n/10.53937 (−0.87)| 
 []


Overfull \hbox (4.84949pt too wide) in paragraph at lines 378--378
[]|\TU/TimesNewRoman(0)/m/n/10.53937 (−0.27)| 
 []


Overfull \hbox (4.84949pt too wide) in paragraph at lines 378--378
[]|\TU/TimesNewRoman(0)/m/n/10.53937 (−0.67)| 
 []


Overfull \hbox (4.84949pt too wide) in paragraph at lines 378--378
[]|\TU/TimesNewRoman(0)/m/n/10.53937 (−0.58)| 
 []


Overfull \hbox (3.0998pt too wide) in paragraph at lines 378--378
[]|\TU/TimesNewRoman(0)/m/n/10.53937 −0.029| 
 []


Overfull \hbox (3.0998pt too wide) in paragraph at lines 378--378
[]|\TU/TimesNewRoman(0)/m/n/10.53937 −0.533| 
 []


Overfull \hbox (3.0998pt too wide) in paragraph at lines 378--378
[]|\TU/TimesNewRoman(0)/m/n/10.53937 −4.760| 
 []


Overfull \hbox (13.63916pt too wide) in paragraph at lines 378--378
[]|\TU/TimesNewRoman(0)/m/n/10.53937 −0.910**| 
 []


Overfull \hbox (4.84949pt too wide) in paragraph at lines 378--378
[]|\TU/TimesNewRoman(0)/m/n/10.53937 (−0.01)| 
 []


Overfull \hbox (4.84949pt too wide) in paragraph at lines 378--378
[]|\TU/TimesNewRoman(0)/m/n/10.53937 (−1.28)| 
 []


Overfull \hbox (4.84949pt too wide) in paragraph at lines 378--378
[]|\TU/TimesNewRoman(0)/m/n/10.53937 (−1.25)| 
 []


Overfull \hbox (4.84949pt too wide) in paragraph at lines 378--378
[]|\TU/TimesNewRoman(0)/m/n/10.53937 (−2.16)| 
 []


Overfull \hbox (2.42564pt too wide) in paragraph at lines 378--378
[]|\TU/TimesNewRoman(0)/m/n/10.53937 16,003| 
 []


Overfull \hbox (2.42564pt too wide) in paragraph at lines 378--378
[]|\TU/TimesNewRoman(0)/m/n/10.53937 15,745| 
 []


Overfull \hbox (2.42564pt too wide) in paragraph at lines 378--378
[]|\TU/TimesNewRoman(0)/m/n/10.53937 16,095| 
 []


Overfull \hbox (2.42564pt too wide) in paragraph at lines 378--378
[]|\TU/TimesNewRoman(0)/m/n/10.53937 15,838| 
 []


Overfull \hbox (2.42564pt too wide) in paragraph at lines 378--378
[]|\TU/TimesNewRoman(0)/m/n/10.53937 15,298| 
 []


Overfull \hbox (2.42564pt too wide) in paragraph at lines 378--378
[]|\TU/TimesNewRoman(0)/m/n/10.53937 15,051| 
 []


Overfull \hbox (2.42564pt too wide) in paragraph at lines 378--378
[]|\TU/TimesNewRoman(0)/m/n/10.53937 15,539| 
 []


Overfull \hbox (2.42564pt too wide) in paragraph at lines 378--378
[]|\TU/TimesNewRoman(0)/m/n/10.53937 15,295| 
 []


Overfull \hbox (2.42564pt too wide) in paragraph at lines 378--378
[]|\TU/TimesNewRoman(0)/m/n/10.53937 0.0006| 
 []


Overfull \hbox (2.42564pt too wide) in paragraph at lines 378--378
[]|\TU/TimesNewRoman(0)/m/n/10.53937 0.0746| 
 []


Overfull \hbox (2.42564pt too wide) in paragraph at lines 378--378
[]|\TU/TimesNewRoman(0)/m/n/10.53937 0.0026| 
 []


Overfull \hbox (2.42564pt too wide) in paragraph at lines 378--378
[]|\TU/TimesNewRoman(0)/m/n/10.53937 0.0644| 
 []


Overfull \hbox (2.42564pt too wide) in paragraph at lines 378--378
[]|\TU/TimesNewRoman(0)/m/n/10.53937 0.0071| 
 []


Overfull \hbox (2.42564pt too wide) in paragraph at lines 378--378
[]|\TU/TimesNewRoman(0)/m/n/10.53937 0.0754| 
 []


Overfull \hbox (2.42564pt too wide) in paragraph at lines 378--378
[]|\TU/TimesNewRoman(0)/m/n/10.53937 0.0007| 
 []


Overfull \hbox (2.42564pt too wide) in paragraph at lines 378--378
[]|\TU/TimesNewRoman(0)/m/n/10.53937 0.0833| 
 []


Overfull \hbox (3.0998pt too wide) in paragraph at lines 378--378
[]|\TU/TimesNewRoman(0)/m/n/10.53937 −0.157| 
 []


Overfull \hbox (3.0998pt too wide) in paragraph at lines 378--378
[]|\TU/TimesNewRoman(0)/m/n/10.53937 −0.171| 
 []


Overfull \hbox (3.0998pt too wide) in paragraph at lines 378--378
[]|\TU/TimesNewRoman(0)/m/n/10.53937 −0.101| 
 []


Overfull \hbox (3.0998pt too wide) in paragraph at lines 378--378
[]|\TU/TimesNewRoman(0)/m/n/10.53937 −0.054| 
 []


Overfull \hbox (8.36948pt too wide) in paragraph at lines 378--378
[]|\TU/TimesNewRoman(0)/m/n/10.53937 −0.979*| 
 []


Overfull \hbox (8.36948pt too wide) in paragraph at lines 378--378
[]|\TU/TimesNewRoman(0)/m/n/10.53937 −1.074*| 
 []


Overfull \hbox (3.0998pt too wide) in paragraph at lines 378--378
[]|\TU/TimesNewRoman(0)/m/n/10.53937 −0.017| 
 []


Overfull \hbox (3.0998pt too wide) in paragraph at lines 378--378
[]|\TU/TimesNewRoman(0)/m/n/10.53937 −0.039| 
 []


Overfull \hbox (4.84949pt too wide) in paragraph at lines 378--378
[]|\TU/TimesNewRoman(0)/m/n/10.53937 (−0.32)| 
 []


Overfull \hbox (4.84949pt too wide) in paragraph at lines 378--378
[]|\TU/TimesNewRoman(0)/m/n/10.53937 (−0.42)| 
 []


Overfull \hbox (4.84949pt too wide) in paragraph at lines 378--378
[]|\TU/TimesNewRoman(0)/m/n/10.53937 (−1.22)| 
 []


Overfull \hbox (4.84949pt too wide) in paragraph at lines 378--378
[]|\TU/TimesNewRoman(0)/m/n/10.53937 (−0.61)| 
 []


Overfull \hbox (4.84949pt too wide) in paragraph at lines 378--378
[]|\TU/TimesNewRoman(0)/m/n/10.53937 (−1.83)| 
 []


Overfull \hbox (4.84949pt too wide) in paragraph at lines 378--378
[]|\TU/TimesNewRoman(0)/m/n/10.53937 (−1.76)| 
 []


Overfull \hbox (4.84949pt too wide) in paragraph at lines 378--378
[]|\TU/TimesNewRoman(0)/m/n/10.53937 (−0.27)| 
 []


Overfull \hbox (4.84949pt too wide) in paragraph at lines 378--378
[]|\TU/TimesNewRoman(0)/m/n/10.53937 (−0.57)| 
 []


Overfull \hbox (3.0998pt too wide) in paragraph at lines 378--378
[]|\TU/TimesNewRoman(0)/m/n/10.53937 −1.296| 
 []


Overfull \hbox (13.63916pt too wide) in paragraph at lines 378--378
[]|\TU/TimesNewRoman(0)/m/n/10.53937 −2.673**| 
 []


Overfull \hbox (13.63916pt too wide) in paragraph at lines 378--378
[]|\TU/TimesNewRoman(0)/m/n/10.53937 −13.882*| 
 []


Overfull \hbox (3.0998pt too wide) in paragraph at lines 378--378
[]|\TU/TimesNewRoman(0)/m/n/10.53937 −0.285| 
 []


Overfull \hbox (4.84949pt too wide) in paragraph at lines 378--378
[]|\TU/TimesNewRoman(0)/m/n/10.53937 (−0.21)| 
 []


Overfull \hbox (4.84949pt too wide) in paragraph at lines 378--378
[]|\TU/TimesNewRoman(0)/m/n/10.53937 (−2.53)| 
 []


Overfull \hbox (4.84949pt too wide) in paragraph at lines 378--378
[]|\TU/TimesNewRoman(0)/m/n/10.53937 (−1.85)| 
 []


Overfull \hbox (4.84949pt too wide) in paragraph at lines 378--378
[]|\TU/TimesNewRoman(0)/m/n/10.53937 (−0.34)| 
 []


Overfull \hbox (2.42564pt too wide) in paragraph at lines 378--378
[]|\TU/TimesNewRoman(0)/m/n/10.53937 0.0002| 
 []


Overfull \hbox (2.42564pt too wide) in paragraph at lines 378--378
[]|\TU/TimesNewRoman(0)/m/n/10.53937 0.1204| 
 []


Overfull \hbox (2.42564pt too wide) in paragraph at lines 378--378
[]|\TU/TimesNewRoman(0)/m/n/10.53937 0.0040| 
 []


Overfull \hbox (2.42564pt too wide) in paragraph at lines 378--378
[]|\TU/TimesNewRoman(0)/m/n/10.53937 0.1023| 
 []


Overfull \hbox (2.42564pt too wide) in paragraph at lines 378--378
[]|\TU/TimesNewRoman(0)/m/n/10.53937 0.0051| 
 []


Overfull \hbox (2.03453pt too wide) in paragraph at lines 378--378
[]|\TU/TimesNewRoman(0)/m/n/10.53937 0.1143| 
 []


Overfull \hbox (2.42564pt too wide) in paragraph at lines 378--378
[]|\TU/TimesNewRoman(0)/m/n/10.53937 0.0004| 
 []


Overfull \hbox (2.03453pt too wide) in paragraph at lines 378--378
[]|\TU/TimesNewRoman(0)/m/n/10.53937 0.1180| 
 []

[13] [14] [15]
Overfull \hbox (1.52219pt too wide) in paragraph at lines 481--481
[]|\TU/TimesNewRoman(0)/m/n/9.03374 1.002***| 
 []


Overfull \hbox (1.52219pt too wide) in paragraph at lines 481--481
[]|\TU/TimesNewRoman(0)/m/n/9.03374 0.997***| 
 []


Overfull \hbox (1.52219pt too wide) in paragraph at lines 481--481
[]|\TU/TimesNewRoman(0)/m/n/9.03374 0.954***| 
 []


Overfull \hbox (1.52219pt too wide) in paragraph at lines 481--481
[]|\TU/TimesNewRoman(0)/m/n/9.03374 0.958***| 
 []


Overfull \hbox (1.52219pt too wide) in paragraph at lines 481--481
[]|\TU/TimesNewRoman(0)/m/n/9.03374 3.548***| 
 []


Overfull \hbox (1.52219pt too wide) in paragraph at lines 481--481
[]|\TU/TimesNewRoman(0)/m/n/9.03374 3.565***| 
 []


Overfull \hbox (1.52219pt too wide) in paragraph at lines 481--481
[]|\TU/TimesNewRoman(0)/m/n/9.03374 0.344***| 
 []


Overfull \hbox (1.52219pt too wide) in paragraph at lines 481--481
[]|\TU/TimesNewRoman(0)/m/n/9.03374 0.349***| 
 []


Overfull \hbox (3.02193pt too wide) in paragraph at lines 481--481
[]|\TU/TimesNewRoman(0)/m/n/9.03374 (130.074)| 
 []


Overfull \hbox (2.68669pt too wide) in paragraph at lines 481--481
[]|\TU/TimesNewRoman(0)/m/n/9.03374 (118.181)| 
 []


Overfull \hbox (3.02193pt too wide) in paragraph at lines 481--481
[]|\TU/TimesNewRoman(0)/m/n/9.03374 (140.394)| 
 []


Overfull \hbox (3.02193pt too wide) in paragraph at lines 481--481
[]|\TU/TimesNewRoman(0)/m/n/9.03374 (128.871)| 
 []

[16] [17] [18]
Missing character: There is no ｃ ("FF43) in font cmmi10!
Missing character: There is no ａ ("FF41) in font cmmi10!
Missing character: There is no ｓ ("FF53) in font cmmi10!
Missing character: There is no ｈ ("FF48) in font cmmi10!
Missing character: There is no ｈ ("FF48) in font cmmi10!
Missing character: There is no ｏ ("FF4F) in font cmmi10!
Missing character: There is no ｌ ("FF4C) in font cmmi10!
Missing character: There is no ｄ ("FF44) in font cmmi10!
Missing character: There is no ｔ ("FF54) in font cmmi10!
Missing character: There is no ｒ ("FF52) in font cmmi10!
Missing character: There is no ｅ ("FF45) in font cmmi10!
Missing character: There is no ａ ("FF41) in font cmmi10!
Missing character: There is no ｔ ("FF54) in font cmmi10!
Missing character: There is no ｐ ("FF50) in font cmmi10!
Missing character: There is no ｏ ("FF4F) in font cmmi10!
Missing character: There is no ｓ ("FF53) in font cmmi10!
Missing character: There is no ｔ ("FF54) in font cmmi10!
Missing character: There is no ｃ ("FF43) in font cmmi10!
Missing character: There is no ｏ ("FF4F) in font cmmi10!
Missing character: There is no ｎ ("FF4E) in font cmmi10!
Missing character: There is no ｔ ("FF54) in font cmmi10!
Missing character: There is no ｒ ("FF52) in font cmmi10!
Missing character: There is no ｏ ("FF4F) in font cmmi10!
Missing character: There is no ｌ ("FF4C) in font cmmi10!
Missing character: There is no ｓ ("FF53) in font cmmi10!
Missing character: There is no ｆ ("FF46) in font cmmi10!
Missing character: There is no ｉ ("FF49) in font cmmi10!
Missing character: There is no ｒ ("FF52) in font cmmi10!
Missing character: There is no ｍ ("FF4D) in font cmmi10!
Missing character: There is no ｙ ("FF59) in font cmmi10!
Missing character: There is no ｅ ("FF45) in font cmmi10!
Missing character: There is no ａ ("FF41) in font cmmi10!
Missing character: There is no ｒ ("FF52) in font cmmi10!
[19] [20] [21] [22] [23] [24] [25] (./main.aux) ) 
Here is how much of TeX's memory you used:
 12201 strings out of 476179
 297322 string characters out of 5809544
 653965 words of memory out of 5000000
 32700 multiletter control sequences out of 15000+600000
 483428 words of font info for 127 fonts, out of 8000000 for 9000
 1348 hyphenation exceptions out of 8191
 89i,17n,97p,460b,335s stack positions out of 10000i,1000n,20000p,200000b,200000s

Output written on main.pdf (25 pages).
